Using pre-set license
Built from '2022.3/release' branch; Version is '2022.3.20f1 (61c2feb0970d) revision 6406910'; Using compiler version '192829333'; Build Type 'Release'
OS: 'Windows 11  (10.0.22631) 64bit Professional' Language: 'fr' Physical Memory: 16190 MB
BatchMode: 1, IsHumanControllingUs: 0, StartBugReporterOnCrash: 0, Is64bit: 1, IsPro: 1

COMMAND LINE ARGUMENTS:
D:\editorhub\2022.3.20f1-x86_64\Editor\Unity.exe
-adb2
-batchMode
-noUpm
-name
AssetImportWorker0
-projectPath
C:/BR2/BattleRoyale_2
-logFile
Logs/AssetImportWorker0.log
-srvPort
58323
Successfully changed project path to: C:/BR2/BattleRoyale_2
C:/BR2/BattleRoyale_2
[UnityMemory] Configuration Parameters - Can be set up in boot.config
    "memorysetup-bucket-allocator-granularity=16"
    "memorysetup-bucket-allocator-bucket-count=8"
    "memorysetup-bucket-allocator-block-size=33554432"
    "memorysetup-bucket-allocator-block-count=8"
    "memorysetup-main-allocator-block-size=16777216"
    "memorysetup-thread-allocator-block-size=16777216"
    "memorysetup-gfx-main-allocator-block-size=16777216"
    "memorysetup-gfx-thread-allocator-block-size=16777216"
    "memorysetup-cache-allocator-block-size=4194304"
    "memorysetup-typetree-allocator-block-size=2097152"
    "memorysetup-profiler-bucket-allocator-granularity=16"
    "memorysetup-profiler-bucket-allocator-bucket-count=8"
    "memorysetup-profiler-bucket-allocator-block-size=33554432"
    "memorysetup-profiler-bucket-allocator-block-count=8"
    "memorysetup-profiler-allocator-block-size=16777216"
    "memorysetup-profiler-editor-allocator-block-size=1048576"
    "memorysetup-temp-allocator-size-main=16777216"
    "memorysetup-job-temp-allocator-block-size=2097152"
    "memorysetup-job-temp-allocator-block-size-background=1048576"
    "memorysetup-job-temp-allocator-reduction-small-platforms=262144"
    "memorysetup-allocator-temp-initial-block-size-main=262144"
    "memorysetup-allocator-temp-initial-block-size-worker=262144"
    "memorysetup-temp-allocator-size-background-worker=32768"
    "memorysetup-temp-allocator-size-job-worker=262144"
    "memorysetup-temp-allocator-size-preload-manager=33554432"
    "memorysetup-temp-allocator-size-nav-mesh-worker=65536"
    "memorysetup-temp-allocator-size-audio-worker=65536"
    "memorysetup-temp-allocator-size-cloud-worker=32768"
    "memorysetup-temp-allocator-size-gi-baking-worker=262144"
    "memorysetup-temp-allocator-size-gfx=262144"
Player connection [15488] Host "[IP] 192.168.174.1 [Port] 0 [Flags] 2 [Guid] 2366640723 [EditorId] 2366640723 [Version] 1048832 [Id] WindowsEditor(7,DESKTOP-MSU3BII) [Debug] 1 [PackageName] WindowsEditor [ProjectName] Editor" joined multi-casting on [225.0.0.222:54997]...

Player connection [15488] Host "[IP] 192.168.174.1 [Port] 0 [Flags] 2 [Guid] 2366640723 [EditorId] 2366640723 [Version] 1048832 [Id] WindowsEditor(7,DESKTOP-MSU3BII) [Debug] 1 [PackageName] WindowsEditor [ProjectName] Editor" joined alternative multi-casting on [225.0.0.222:34997]...

[Physics::Module] Initialized MultithreadedJobDispatcher with 3 workers.
Refreshing native plugins compatible for Editor in 117.56 ms, found 3 plugins.
Preloading 0 native plugins for Editor in 0.00 ms.
Initialize engine version: 2022.3.20f1 (61c2feb0970d)
[Subsystems] Discovering subsystems at path D:/editorhub/2022.3.20f1-x86_64/Editor/Data/Resources/UnitySubsystems
[Subsystems] Discovering subsystems at path C:/BR2/BattleRoyale_2/Assets
GfxDevice: creating device client; threaded=0; jobified=0
Direct3D:
    Version:  Direct3D 11.0 [level 11.1]
    Renderer: Intel(R) UHD Graphics 620 (ID=0x3ea0)
    Vendor:   Intel
    VRAM:     8095 MB
    Driver:   31.0.101.2121
Initialize mono
Mono path[0] = 'D:/editorhub/2022.3.20f1-x86_64/Editor/Data/Managed'
Mono path[1] = 'D:/editorhub/2022.3.20f1-x86_64/Editor/Data/MonoBleedingEdge/lib/mono/unityjit-win32'
Mono config path = 'D:/editorhub/2022.3.20f1-x86_64/Editor/Data/MonoBleedingEdge/etc'
Using monoOptions --debugger-agent=transport=dt_socket,embedding=1,server=y,suspend=n,address=127.0.0.1:56184
Begin MonoManager ReloadAssembly
Registering precompiled unity dll's ...
Register platform support module: D:/editorhub/2022.3.20f1-x86_64/Editor/Data/PlaybackEngines/AndroidPlayer/UnityEditor.Android.Extensions.dll
Register platform support module: D:/editorhub/2022.3.20f1-x86_64/Editor/Data/PlaybackEngines/WindowsStandaloneSupport/UnityEditor.WindowsStandalone.Extensions.dll
Register platform support module: D:/editorhub/2022.3.20f1-x86_64/Editor/Data/PlaybackEngines/MetroSupport/UnityEditor.UWP.Extensions.dll
Registered in 0.073000 seconds.
- Loaded All Assemblies, in  5.643 seconds
Native extension for UWP target not found
Native extension for WindowsStandalone target not found
Native extension for Android target not found
Android Extension - Scanning For ADB Devices 16737 ms
Mono: successfully reloaded assembly
- Finished resetting the current domain, in 24.337 seconds
Domain Reload Profiling: 29983ms
	BeginReloadAssembly (1425ms)
		ExecutionOrderSort (0ms)
		DisableScriptedObjects (0ms)
		BackupInstance (0ms)
		ReleaseScriptingObjects (0ms)
		CreateAndSetChildDomain (8ms)
	RebuildCommonClasses (724ms)
	RebuildNativeTypeToScriptingClass (243ms)
	initialDomainReloadingComplete (865ms)
	LoadAllAssembliesAndSetupDomain (2381ms)
		LoadAssemblies (1432ms)
		RebuildTransferFunctionScriptingTraits (0ms)
		AnalyzeDomain (2335ms)
			TypeCache.Refresh (2318ms)
				TypeCache.ScanAssembly (2135ms)
			ScanForSourceGeneratedMonoScriptInfo (3ms)
			ResolveRequiredComponents (7ms)
	FinalizeReload (24345ms)
		ReleaseScriptCaches (0ms)
		RebuildScriptCaches (0ms)
		SetupLoadedEditorAssemblies (23476ms)
			LogAssemblyErrors (0ms)
			InitializePlatformSupportModulesInManaged (21084ms)
			SetLoadedEditorAssemblies (45ms)
			RefreshPlugins (0ms)
			BeforeProcessingInitializeOnLoad (35ms)
			ProcessInitializeOnLoadAttributes (1652ms)
			ProcessInitializeOnLoadMethodAttributes (658ms)
			AfterProcessingInitializeOnLoad (0ms)
			EditorAssembliesLoaded (1ms)
		ExecutionOrderSort2 (0ms)
		AwakeInstancesAfterBackupRestoration (0ms)
========================================================================
Worker process is ready to serve import requests
Begin MonoManager ReloadAssembly
TypeRef ResolutionScope not yet handled (218) for .IMergeView in image C:\BR2\BattleRoyale_2\Library\ScriptAssemblies\Unity.PlasticSCM.Editor.dll
Unloading broken assembly Library/ScriptAssemblies/Unity.PlasticSCM.Editor.dll, this assembly can cause crashes in the runtime
- Loaded All Assemblies, in  5.460 seconds
Refreshing native plugins compatible for Editor in 29.77 ms, found 3 plugins.
Could not load signature of Unity.PlasticSCM.Editor.Gluon.UpdateReport.UpdateReportDialog:ShowUpdateReport due to: Could not resolve type with token 0100006b from typeref (expected class 'Codice.Client.BaseCommands.ErrorMessage' in assembly 'unityplastic, Version=11.0.16.8204, Culture=neutral, PublicKeyToken=a107c9c6e34c8876') assembly:unityplastic, Version=11.0.16.8204, Culture=neutral, PublicKeyToken=a107c9c6e34c8876 type:Codice.Client.BaseCommands.ErrorMessage member:(null)
Could not load signature of Unity.PlasticSCM.Editor.Gluon.UpdateReport.UpdateReportDialog:UpdateUpdateReportList due to: Could not resolve type with token 0100006b from typeref (expected class 'Codice.Client.BaseCommands.ErrorMessage' in assembly 'unityplastic, Version=11.0.16.8204, Culture=neutral, PublicKeyToken=a107c9c6e34c8876') assembly:unityplastic, Version=11.0.16.8204, Culture=neutral, PublicKeyToken=a107c9c6e34c8876 type:Codice.Client.BaseCommands.ErrorMessage member:(null)
Could not load signature of Unity.PlasticSCM.Editor.Gluon.UpdateReport.UpdateReportDialog:GetErrorDetailsText due to: Could not resolve type with token 0100006b from typeref (expected class 'Codice.Client.BaseCommands.ErrorMessage' in assembly 'unityplastic, Version=11.0.16.8204, Culture=neutral, PublicKeyToken=a107c9c6e34c8876') assembly:unityplastic, Version=11.0.16.8204, Culture=neutral, PublicKeyToken=a107c9c6e34c8876 type:Codice.Client.BaseCommands.ErrorMessage member:(null)
Could not load signature of Unity.PlasticSCM.Editor.Gluon.UpdateReport.UpdateReportDialog:DoErrorDetailsTextArea due to: Could not resolve type with token 0100006b from typeref (expected class 'Codice.Client.BaseCommands.ErrorMessage' in assembly 'unityplastic, Version=11.0.16.8204, Culture=neutral, PublicKeyToken=a107c9c6e34c8876') assembly:unityplastic, Version=11.0.16.8204, Culture=neutral, PublicKeyToken=a107c9c6e34c8876 type:Codice.Client.BaseCommands.ErrorMessage member:(null)
Could not load signature of Unity.PlasticSCM.Editor.Gluon.UpdateReport.UpdateReportDialog:Create due to: Could not resolve type with token 0100006b from typeref (expected class 'Codice.Client.BaseCommands.ErrorMessage' in assembly 'unityplastic, Version=11.0.16.8204, Culture=neutral, PublicKeyToken=a107c9c6e34c8876') assembly:unityplastic, Version=11.0.16.8204, Culture=neutral, PublicKeyToken=a107c9c6e34c8876 type:Codice.Client.BaseCommands.ErrorMessage member:(null)
Native extension for UWP target not found
Native extension for WindowsStandalone target not found
Native extension for Android target not found
Package Manager log level set to [2]
[Package Manager] Server::EnsureServerProcessIsRunning -- launch failed, reason: Unity was launched with the -noUpm command-line argument
[Package Manager] UpmClient::Send -- Unable to send message (not connected to UPM process).
[Package Manager] Cannot connect to Unity Package Manager local server
Mono: successfully reloaded assembly
- Finished resetting the current domain, in  5.216 seconds
Domain Reload Profiling: 10667ms
	BeginReloadAssembly (1326ms)
		ExecutionOrderSort (0ms)
		DisableScriptedObjects (78ms)
		BackupInstance (0ms)
		ReleaseScriptingObjects (0ms)
		CreateAndSetChildDomain (142ms)
	RebuildCommonClasses (469ms)
	RebuildNativeTypeToScriptingClass (112ms)
	initialDomainReloadingComplete (339ms)
	LoadAllAssembliesAndSetupDomain (3202ms)
		LoadAssemblies (2366ms)
		RebuildTransferFunctionScriptingTraits (0ms)
		AnalyzeDomain (1633ms)
			TypeCache.Refresh (1454ms)
				TypeCache.ScanAssembly (1325ms)
			ScanForSourceGeneratedMonoScriptInfo (137ms)
			ResolveRequiredComponents (36ms)
	FinalizeReload (5218ms)
		ReleaseScriptCaches (0ms)
		RebuildScriptCaches (0ms)
		SetupLoadedEditorAssemblies (3728ms)
			LogAssemblyErrors (0ms)
			InitializePlatformSupportModulesInManaged (198ms)
			SetLoadedEditorAssemblies (26ms)
			RefreshPlugins (0ms)
			BeforeProcessingInitializeOnLoad (474ms)
			ProcessInitializeOnLoadAttributes (2799ms)
			ProcessInitializeOnLoadMethodAttributes (214ms)
			AfterProcessingInitializeOnLoad (16ms)
			EditorAssembliesLoaded (1ms)
		ExecutionOrderSort2 (0ms)
		AwakeInstancesAfterBackupRestoration (42ms)
Launched and connected shader compiler UnityShaderCompiler.exe after 0.39 seconds
Refreshing native plugins compatible for Editor in 28.82 ms, found 3 plugins.
Preloading 0 native plugins for Editor in 0.00 ms.
Unloading 3135 Unused Serialized files (Serialized files now loaded: 0)
Unloading 30 unused Assets / (56.9 KB). Loaded Objects now: 3599.
Memory consumption went from 128.3 MB to 128.3 MB.
Total: 38.913000 ms (FindLiveObjects: 2.309100 ms CreateObjectMapping: 2.086100 ms MarkObjects: 34.179500 ms  DeleteObjects: 0.334400 ms)

AssetImportParameters requested are different than current active one (requested -> active):
  custom:container-demuxer-ogg: 62fdf1f143b41e24485cea50d1cbac27 -> 
  custom:scripting/precompiled-assembly-types:Unity.PlasticSCM.Editor: fa07261737969afd534745fdbb5a9ba0 -> 
  custom:scripting/monoscript/fileName/SSOCredentialsDialog.cs: e140ede12a96f68f30062138385171c3 -> 90647cc400823b41df847a6cbfc29026
  custom:video-codec-MediaFoundation-h265: 746d11721c4dcdbdad8f713fa42b33f4 -> 
  custom:video-decoder-ogg-theora: a1e56fd34408186e4bbccfd4996cb3dc -> 
  custom:framework-win-MediaFoundation: 216162199b28c13a410421893ffa2e32 -> 
  custom:CustomObjectIndexerAttribute: 6d391050e5a25f67b0a2c618074f2cd9 -> 
  custom:container-demuxer-webm: 4f35f7cbe854078d1ac9338744f61a02 -> 
  custom:container-muxer-webm: aa71ff27fc2769a1b78a27578f13a17b -> 
  custom:video-decoder-webm-vp8: 9c59270c3fd7afecdb556c50c9e8de78 -> 
  custom:SearchIndexIgnoredProperties: e643bd26f0fe6173181afceb89e7c659 -> 
  custom:AudioImporter_EditorPlatform: d09bf68614088b80899f8185d706f6e7 -> 
  custom:video-encoder-webm-vp8: eb34c28f22e8b96e1ab97ce403110664 -> 
  custom:audio-decoder-ogg-vorbis: bf7c407c2cedff20999df2af8eb42d56 -> 
  custom:scripting/monoscript/fileName/CloudEditionWelcomeWindow.cs: b1721e471183956468462f6b64901640 -> c1777a498406cd95bc755aaf92ab946f
  custom:audio-encoder-webm-vorbis: bf7c407c2cedff20999df2af8eb42d56 -> 
  custom:scripting/precompiled-assembly-types:unityplastic: 80ce6fce021ee75cb20edaadb7bf11e0 -> 26b58a4695bcfc4bd2b1d359ee452308
========================================================================
Received Import Request.
  Time since last request: 72616.788039 seconds.
  path: Assets/Scenes
  artifactKey: Guid(1b78e954421be454a8275013cfcf4582) Importer(815301076,1909f56bfc062723c751e8b465ee728b)
Start importing Assets/Scenes using Guid(1b78e954421be454a8275013cfcf4582) Importer(815301076,1909f56bfc062723c751e8b465ee728b)  -> (artifact id: '663492f3cdb41a248f5ddca8d08a1b18') in 0.014055 seconds
Number of updated asset objects reloaded before import = 0
Number of asset objects unloaded after import = 0
========================================================================
Received Import Request.
  Time since last request: 10816.843958 seconds.
  path: Assets/release_history 1.txt
  artifactKey: Guid(9178cacaf9fc83044802cc42ed7eadbc) Importer(815301076,1909f56bfc062723c751e8b465ee728b)
Start importing Assets/release_history 1.txt using Guid(9178cacaf9fc83044802cc42ed7eadbc) Importer(815301076,1909f56bfc062723c751e8b465ee728b)  -> (artifact id: 'c8f8e01c9184db345d48c50168d4b809') in 6.214234 seconds
Number of updated asset objects reloaded before import = 0
Number of asset objects unloaded after import = 1
========================================================================
Received Import Request.
  Time since last request: 4.890981 seconds.
  path: Assets/release_history 2.txt
  artifactKey: Guid(865ab34c1a8293b4586ca342d0e8cdfc) Importer(815301076,1909f56bfc062723c751e8b465ee728b)
Start importing Assets/release_history 2.txt using Guid(865ab34c1a8293b4586ca342d0e8cdfc) Importer(815301076,1909f56bfc062723c751e8b465ee728b)  -> (artifact id: '2d4ccdd2969065b42115817c0af0cd4b') in 0.074114 seconds
Number of updated asset objects reloaded before import = 0
Number of asset objects unloaded after import = 1
========================================================================
Received Import Request.
  Time since last request: 164.026287 seconds.
  path: Assets/Photon 1
  artifactKey: Guid(3527d25c95caaad43a9a4e86ceed8a3e) Importer(815301076,1909f56bfc062723c751e8b465ee728b)
Start importing Assets/Photon 1 using Guid(3527d25c95caaad43a9a4e86ceed8a3e) Importer(815301076,1909f56bfc062723c751e8b465ee728b)  -> (artifact id: 'ae4337811aeafe6f871cbd5252b24078') in 0.045242 seconds
Number of updated asset objects reloaded before import = 0
Number of asset objects unloaded after import = 0
========================================================================
Received Import Request.
  Time since last request: 26.496390 seconds.
  path: Assets/Photon
  artifactKey: Guid(3527d25c95caaad43a9a4e86ceed8a3e) Importer(815301076,1909f56bfc062723c751e8b465ee728b)
Start importing Assets/Photon using Guid(3527d25c95caaad43a9a4e86ceed8a3e) Importer(815301076,1909f56bfc062723c751e8b465ee728b)  -> (artifact id: '09938b18d6b07db88bdabfeb1ee6d7fe') in 0.022478 seconds
Number of updated asset objects reloaded before import = 0
Number of asset objects unloaded after import = 0
========================================================================
Received Import Request.
  Time since last request: 3.413665 seconds.
  path: Assets/Photon
  artifactKey: Guid(3527d25c95caaad43a9a4e86ceed8a3e) Importer(815301076,1909f56bfc062723c751e8b465ee728b)
Start importing Assets/Photon using Guid(3527d25c95caaad43a9a4e86ceed8a3e) Importer(815301076,1909f56bfc062723c751e8b465ee728b)  -> (artifact id: '09938b18d6b07db88bdabfeb1ee6d7fe') in 0.094626 seconds
Number of updated asset objects reloaded before import = 0
Number of asset objects unloaded after import = 0
========================================================================
Received Import Request.
  Time since last request: 13.693822 seconds.
  path: Assets/Plugins 1
  artifactKey: Guid(eec1bcdc6af9c7f479636a790b53dc06) Importer(815301076,1909f56bfc062723c751e8b465ee728b)
Start importing Assets/Plugins 1 using Guid(eec1bcdc6af9c7f479636a790b53dc06) Importer(815301076,1909f56bfc062723c751e8b465ee728b)  -> (artifact id: '715add87da3b7b1df5243cc17220545f') in 0.008789 seconds
Number of updated asset objects reloaded before import = 0
Number of asset objects unloaded after import = 0
========================================================================
Received Import Request.
  Time since last request: 13.717973 seconds.
  path: Assets/Plugins
  artifactKey: Guid(eec1bcdc6af9c7f479636a790b53dc06) Importer(815301076,1909f56bfc062723c751e8b465ee728b)
Start importing Assets/Plugins using Guid(eec1bcdc6af9c7f479636a790b53dc06) Importer(815301076,1909f56bfc062723c751e8b465ee728b)  -> (artifact id: '8f004976c97350aee80408d4f7a37e1a') in 2.292259 seconds
Number of updated asset objects reloaded before import = 0
Number of asset objects unloaded after import = 0
========================================================================
Received Import Request.
  Time since last request: 0.080619 seconds.
  path: Assets/Resources 1
  artifactKey: Guid(d924d3e7e5da8284493572ff02238f94) Importer(815301076,1909f56bfc062723c751e8b465ee728b)
Start importing Assets/Resources 1 using Guid(d924d3e7e5da8284493572ff02238f94) Importer(815301076,1909f56bfc062723c751e8b465ee728b)  -> (artifact id: '6feb7249e8614580bdaacebe61e4551b') in 0.003613 seconds
Number of updated asset objects reloaded before import = 0
Number of asset objects unloaded after import = 0
========================================================================
Received Import Request.
  Time since last request: 3.689042 seconds.
  path: Assets/Resources
  artifactKey: Guid(d924d3e7e5da8284493572ff02238f94) Importer(815301076,1909f56bfc062723c751e8b465ee728b)
Start importing Assets/Resources using Guid(d924d3e7e5da8284493572ff02238f94) Importer(815301076,1909f56bfc062723c751e8b465ee728b)  -> (artifact id: '98403d4f141ad2dce3a6ab300eb33589') in 0.018793 seconds
Number of updated asset objects reloaded before import = 0
Number of asset objects unloaded after import = 0
========================================================================
Received Import Request.
  Time since last request: 2.391660 seconds.
  path: Assets/TextMesh Pro 1
  artifactKey: Guid(e290131c55e43f8479539661ebd37352) Importer(815301076,1909f56bfc062723c751e8b465ee728b)
Start importing Assets/TextMesh Pro 1 using Guid(e290131c55e43f8479539661ebd37352) Importer(815301076,1909f56bfc062723c751e8b465ee728b)  -> (artifact id: '5c1cfa2f8d31e9ce9c734b859b7bb5cf') in 0.002785 seconds
Number of updated asset objects reloaded before import = 0
Number of asset objects unloaded after import = 0
========================================================================
Received Import Request.
  Time since last request: 8.615985 seconds.
  path: Assets/TextMesh Pro
  artifactKey: Guid(e290131c55e43f8479539661ebd37352) Importer(815301076,1909f56bfc062723c751e8b465ee728b)
Start importing Assets/TextMesh Pro using Guid(e290131c55e43f8479539661ebd37352) Importer(815301076,1909f56bfc062723c751e8b465ee728b)  -> (artifact id: '5da4c41ba6a71e25c20c41f27b377f4e') in 0.005158 seconds
Number of updated asset objects reloaded before import = 0
Number of asset objects unloaded after import = 0
========================================================================
Received Import Request.
  Time since last request: 2.087843 seconds.
  path: Assets/TPSBR 1
  artifactKey: Guid(1ca0add4fd8ee61498e2372c1ee300cc) Importer(815301076,1909f56bfc062723c751e8b465ee728b)
Start importing Assets/TPSBR 1 using Guid(1ca0add4fd8ee61498e2372c1ee300cc) Importer(815301076,1909f56bfc062723c751e8b465ee728b)  -> (artifact id: '634b830519cf22c6cf46c593584ce5e4') in 0.030048 seconds
Number of updated asset objects reloaded before import = 0
Number of asset objects unloaded after import = 0
========================================================================
Received Import Request.
  Time since last request: 8.369129 seconds.
  path: Assets/TPSBR
  artifactKey: Guid(1ca0add4fd8ee61498e2372c1ee300cc) Importer(815301076,1909f56bfc062723c751e8b465ee728b)
Start importing Assets/TPSBR using Guid(1ca0add4fd8ee61498e2372c1ee300cc) Importer(815301076,1909f56bfc062723c751e8b465ee728b)  -> (artifact id: '07a5043b624be7f454ff2aeafb1e8f07') in 0.006919 seconds
Number of updated asset objects reloaded before import = 0
Number of asset objects unloaded after import = 0
========================================================================
Received Import Request.
  Time since last request: 102.990283 seconds.
  path: Assets/TPSBR/Scenes
  artifactKey: Guid(82dae3bab84bc474f809b4e36a6e20c5) Importer(815301076,1909f56bfc062723c751e8b465ee728b)
Start importing Assets/TPSBR/Scenes using Guid(82dae3bab84bc474f809b4e36a6e20c5) Importer(815301076,1909f56bfc062723c751e8b465ee728b)  -> (artifact id: '12c5a641c59b262447536af5ba84c760') in 0.005266 seconds
Number of updated asset objects reloaded before import = 0
Number of asset objects unloaded after import = 0
========================================================================
Received Import Request.
  Time since last request: 110.377070 seconds.
  path: Assets/TPSBR/Scenes/Menu.unity
  artifactKey: Guid(d6bc710d8aeb7f74490c776e92d26b0d) Importer(815301076,1909f56bfc062723c751e8b465ee728b)
Start importing Assets/TPSBR/Scenes/Menu.unity using Guid(d6bc710d8aeb7f74490c776e92d26b0d) Importer(815301076,1909f56bfc062723c751e8b465ee728b)  -> (artifact id: '03f22e75ff0de15f8ff7009cb30d35e4') in 0.024460 seconds
Number of updated asset objects reloaded before import = 0
Number of asset objects unloaded after import = 0
